
  Hermes Web UI -- startup config
  --------------------------------
  repo root   : /home/house/vibecode
  agent dir   : NOT FOUND  [31m[XX][0m
  python      : /home/house/vibecode/.venv/bin/python
  state dir   : /home/house/.hermes/webui
  workspace   : /home/house/pkm
  host:port   : 127.0.0.1:8787
  config file : /home/house/.hermes/config.yaml  (found)

[31m[XX][0m  Could not find the Hermes agent directory.
      The server will start but agent features will not work.

      To fix, set one of:
        export HERMES_WEBUI_AGENT_DIR=/path/to/hermes-agent
        export HERMES_HOME=/path/to/.hermes

      Or clone hermes-agent as a sibling of this repo:
        git clone <hermes-agent-repo> ../hermes-agent

  [tip] No password set. Any process on this machine can read sessions
        and memory via the local API. Set HERMES_WEBUI_PASSWORD to
        enable authentication.
  Hermes Web UI listening on http://127.0.0.1:8787
  Remote access: ssh -N -L 8787:127.0.0.1:8787 <user>@<your-server>
  Then open:     http://localhost:8787

