[      54ms] [LOG] [onboarding.js] Module loaded (stub) @ http://localhost:8787/static/onboarding.js?v=1:2
[      55ms] [LOG] [Sessions] Module loaded (wrapping disabled) @ http://localhost:8787/static/remote_sessions.js?v=5:248
[      55ms] [LOG] workspace layering loaded @ http://localhost:8787/static/workspace_layer.js?v=5:282
[      59ms] [VERBOSE] [DOM] Password field is not contained in a form: (More info: https://goo.gl/9p2vKq) %o @ http://localhost:8787/?nocache=2:0
[      59ms] [VERBOSE] [DOM] Password field is not contained in a form: (More info: https://goo.gl/9p2vKq) %o @ http://localhost:8787/?nocache=2:0
[      59ms] [VERBOSE] [DOM] Password field is not contained in a form: (More info: https://goo.gl/9p2vKq) %o @ http://localhost:8787/?nocache=2:0
[     121ms] [LOG] [resize-fix] initializing sidebar resize @ http://localhost:8787/?nocache=2:645
[     121ms] [LOG] [resize-fix] initializing rightpanel resize @ http://localhost:8787/?nocache=2:687
[     158ms] [LOG] [syncModelChip] called @ http://localhost:8787/static/ui.js?v=5:163
[     158ms] [LOG] [syncModelChip] sel: moonshotai/kimi-k2.5 @ http://localhost:8787/static/ui.js?v=5:169
[     521ms] [LOG] [resize-fix] initializing sidebar resize @ http://localhost:8787/?nocache=2:645
[     521ms] [LOG] [resize-fix] initializing rightpanel resize @ http://localhost:8787/?nocache=2:687
[     674ms] [LOG] [onboarding] loadOnboardingWizard called (stub) @ http://localhost:8787/static/onboarding.js?v=1:6
[     725ms] [LOG] [syncModelChip] called @ http://localhost:8787/static/ui.js?v=5:163
[     725ms] [LOG] [syncModelChip] sel: moonshotai/kimi-k2.5 @ http://localhost:8787/static/ui.js?v=5:169
[     726ms] [LOG] [syncModelChip] called @ http://localhost:8787/static/ui.js?v=5:163
[     726ms] [LOG] [syncModelChip] sel: moonshotai/kimi-k2.5 @ http://localhost:8787/static/ui.js?v=5:169
[   34862ms] [LOG] [syncModelChip] called @ http://localhost:8787/static/ui.js?v=5:163
[   34862ms] [LOG] [syncModelChip] sel: moonshotai/kimi-k2.5 @ http://localhost:8787/static/ui.js?v=5:169
[   34862ms] [LOG] [syncModelChip] called @ http://localhost:8787/static/ui.js?v=5:163
[   34862ms] [LOG] [syncModelChip] sel: moonshotai/kimi-k2.5 @ http://localhost:8787/static/ui.js?v=5:169
